<?xml version="1.0" encoding="UTF-8" ?>
<testsuite tests="1" failures="0" name="AuthIntegrationTest" time="0.29" errors="1" skipped="0">
  <properties>
[...]
</properties>
  <testcase classname="AuthIntegrationTest" name="AuthIntegrationTest" time="0.29">
    <error message="javax/xml/bind/ValidationException" type="java.lang.NoClassDefFoundError">java.lang.NoClassDefFoundError: javax/xml/bind/ValidationException
	at java.base/java.lang.ClassLoader.defineClass1(Native Method)
	at java.base/java.lang.ClassLoader.defineClass(ClassLoader.java:1012)
	at java.base/java.security.SecureClassLoader.defineClass(SecureClassLoader.java:150)
	at java.base/jdk.internal.loader.BuiltinClassLoader.defineClass(BuiltinClassLoader.java:862)
	at java.base/jdk.internal.loader.BuiltinClassLoader.findClassOnClassPathOrNull(BuiltinClassLoader.java:760)
	at java.base/jdk.internal.loader.BuiltinClassLoader.loadClassOrNull(BuiltinClassLoader.java:681)
	at java.base/jdk.internal.loader.BuiltinClassLoader.loadClass(BuiltinClassLoader.java:639)
	at java.base/jdk.internal.loader.ClassLoaders$AppClassLoader.loadClass(ClassLoaders.java:188)
	at java.base/java.lang.ClassLoader.loadClass(ClassLoader.java:520)
	at org.hibernate.validator.internal.engine.ConfigurationImpl.&lt;init&gt;(ConfigurationImpl.java:110)
	at org.hibernate.validator.internal.engine.ConfigurationImpl.&lt;init&gt;(ConfigurationImpl.java:96)
	at org.hibernate.validator.HibernateValidator.createSpecializedConfiguration(HibernateValidator.java:37)
	at org.hibernate.validator.HibernateValidator.createSpecializedConfiguration(HibernateValidator.java:34)
	at javax.validation.Validation$ProviderSpecificBootstrapImpl.configure(Validation.java:220)
	at io.dropwizard.setup.Bootstrap.&lt;init&gt;(Bootstrap.java:71)
	at io.dropwizard.testing.DropwizardTestSupport$2.&lt;init&gt;(DropwizardTestSupport.java:112)
	at io.dropwizard.testing.DropwizardTestSupport.startIfRequired(DropwizardTestSupport.java:112)
	at io.dropwizard.testing.DropwizardTestSupport.before(DropwizardTestSupport.java:71)
	at io.dropwizard.testing.junit.DropwizardAppRule.before(DropwizardAppRule.java:66)
	at org.junit.rules.ExternalResource$1.evaluate(ExternalResource.java:46)
	at org.junit.rules.RunRules.evaluate(RunRules.java:20)
	at org.junit.runners.ParentRunner.run(ParentRunner.java:363)
	at org.apache.maven.surefire.junit4.JUnit4Provider.execute(JUnit4Provider.java:252)
	at org.apache.maven.surefire.junit4.JUnit4Provider.executeTestSet(JUnit4Provider.java:141)
	at org.apache.maven.surefire.junit4.JUnit4Provider.invoke(JUnit4Provider.java:112)
	at java.base/jdk.internal.reflect.NativeMethodAccessorImpl.invoke0(Native Method)
	at java.base/jdk.internal.reflect.NativeMethodAccessorImpl.invoke(NativeMethodAccessorImpl.java:77)
	at java.base/jdk.internal.reflect.DelegatingMethodAccessorImpl.invoke(DelegatingMethodAccessorImpl.java:43)
	at java.base/java.lang.reflect.Method.invoke(Method.java:568)
	at org.apache.maven.surefire.util.ReflectionUtils.invokeMethodWithArray(ReflectionUtils.java:189)
	at org.apache.maven.surefire.booter.ProviderFactory$ProviderProxy.invoke(ProviderFactory.java:165)
	at org.apache.maven.surefire.booter.ProviderFactory.invokeProvider(ProviderFactory.java:85)
	at org.apache.maven.surefire.booter.ForkedBooter.runSuitesInProcess(ForkedBooter.java:115)
	at org.apache.maven.surefire.booter.ForkedBooter.main(ForkedBooter.java:75)
Caused by: java.lang.ClassNotFoundException: javax.xml.bind.ValidationException
	at java.base/jdk.internal.loader.BuiltinClassLoader.loadClass(BuiltinClassLoader.java:641)
	at java.base/jdk.internal.loader.ClassLoaders$AppClassLoader.loadClass(ClassLoaders.java:188)
	at java.base/java.lang.ClassLoader.loadClass(ClassLoader.java:520)
	... 34 more
</error>
  </testcase>
</testsuite>